#
# There is insufficient memory for the Java Runtime Environment to continue.
# Native memory allocation (malloc) failed to allocate 1048576 bytes. Error detail: AllocateHeap
# Possible reasons:
#   The system is out of physical RAM or swap space
#   This process is running with CompressedOops enabled, and the Java Heap may be blocking the growth of the native heap
# Possible solutions:
#   Reduce memory load on the system
#   Increase physical memory or swap space
#   Check if swap backing store is full
#   Decrease Java heap size (-Xmx/-Xms)
#   Decrease number of Java threads
#   Decrease Java thread stack sizes (-Xss)
#   Set larger code cache with -XX:ReservedCodeCacheSize=
#   JVM is running with Unscaled Compressed Oops mode in which the Java heap is
#     placed in the first 4GB address space. The Java Heap base address is the
#     maximum limit for the native heap growth. Please use -XX:HeapBaseMinAddress
#     to set the Java Heap base and to place the Java Heap above 4GB virtual address.
# This output file may be truncated or incomplete.
#
#  Out of Memory Error (allocation.cpp:44), pid=9188, tid=19496
#
# JRE version: OpenJDK Runtime Environment Temurin-21.0.8+9 (21.0.8+9) (build 21.0.8+9-LTS)
# Java VM: OpenJDK 64-Bit Server VM Temurin-21.0.8+9 (21.0.8+9-LTS, mixed mode, sharing, tiered, compressed oops, compressed class ptrs, parallel gc, windows-amd64)
# No core dump will be written. Minidumps are not enabled by default on client versions of Windows
#

---------------  S U M M A R Y ------------

Command Line: --add-modules=ALL-SYSTEM --add-opens=java.base/java.util=ALL-UNNAMED --add-opens=java.base/java.lang=ALL-UNNAMED --add-opens=java.base/sun.nio.fs=ALL-UNNAMED -Declipse.application=org.eclipse.jdt.ls.core.id1 -Dosgi.bundles.defaultStartLevel=4 -Declipse.product=org.eclipse.jdt.ls.core.product -Djava.import.generatesMetadataFilesAtProjectRoot=false -DDetectVMInstallationsJob.disabled=true -Dfile.encoding=utf8 -XX:+UseParallelGC -XX:GCTimeRatio=4 -XX:AdaptiveSizePolicyWeight=90 -Dsun.zip.disableMemoryMapping=true -Xmx2G -Xms100m -Xlog:disable -javaagent:c:\Users\bapti\.vscode\extensions\redhat.java-1.46.0-win32-x64\lombok\lombok-1.18.39-4050.jar -XX:+HeapDumpOnOutOfMemoryError -XX:HeapDumpPath=c:\Users\bapti\AppData\Roaming\Code\User\workspaceStorage\05f2b994b7c6f8543fc850aa43a32474\redhat.java -Daether.dependencyCollector.impl=bf c:\Users\bapti\.vscode\extensions\redhat.java-1.46.0-win32-x64\server\plugins\org.eclipse.equinox.launcher_1.7.0.v20250519-0528.jar -configuration c:\Users\bapti\AppData\Roaming\Code\User\globalStorage\redhat.java\1.46.0\config_win -data c:\Users\bapti\AppData\Roaming\Code\User\workspaceStorage\05f2b994b7c6f8543fc850aa43a32474\redhat.java\jdt_ws --pipe=\\.\pipe\lsp-8890c9cfda89fb950d2567750740a285-sock

Host: 13th Gen Intel(R) Core(TM) i9-13900H, 20 cores, 31G,  Windows 11 , 64 bit Build 26100 (10.0.26100.5074)
Time: Thu Oct  9 11:00:19 2025 elapsed time: 1012.331494 seconds (0d 0h 16m 52s)

---------------  T H R E A D  ---------------

Current thread (0x000001d071d8dc20):  JavaThread "Attach Listener" daemon [_thread_in_vm, id=19496, stack(0x0000005bcc600000,0x0000005bcc700000) (1024K)]

Stack: [0x0000005bcc600000,0x0000005bcc700000]
Native frames: (J=compiled Java code, j=interpreted, Vv=VM code, C=native code)
V  [jvm.dll+0x6d2449]
V  [jvm.dll+0x8ae341]
V  [jvm.dll+0x8b08be]
V  [jvm.dll+0x8b0fa3]
V  [jvm.dll+0x280c96]
V  [jvm.dll+0xc0347]
V  [jvm.dll+0x6d2cf9]
V  [jvm.dll+0x131116]
V  [jvm.dll+0x3f2d16]
V  [jvm.dll+0x857e6b]
V  [jvm.dll+0x6d0b0d]
C  [ucrtbase.dll+0x37b0]
C  [KERNEL32.DLL+0x2e8d7]
C  [ntdll.dll+0x8d9c]


---------------  P R O C E S S  ---------------

Threads class SMR info:
_java_thread_list=0x000001d079b7de10, length=46, elements={
0x000001d018d3a760, 0x000001d018cec130, 0x000001d018ced040, 0x000001d071d8cd50,
0x000001d071d8dc20, 0x000001d071d91f40, 0x000001d071d97fe0, 0x000001d071d9dc70,
0x000001d071dcbbb0, 0x000001d071ec5ff0, 0x000001d0780819c0, 0x000001d0788068c0,
0x000001d0787328d0, 0x000001d0785fd510, 0x000001d0785fef60, 0x000001d078fb4570,
0x000001d078c300e0, 0x000001d07930df40, 0x000001d07930e5d0, 0x000001d079310010,
0x000001d07930cb90, 0x000001d07930f2f0, 0x000001d0796efdd0, 0x000001d0796ef740,
0x000001d0796f0af0, 0x000001d0796ef0b0, 0x000001d0796eea20, 0x000001d0796f0460,
0x000001d0796f1180, 0x000001d0796f1810, 0x000001d0796ee390, 0x000001d07b362e10,
0x000001d07b366920, 0x000001d07b364ee0, 0x000001d07b3641c0, 0x000001d07b364850,
0x000001d07b365570, 0x000001d07b3634a0, 0x000001d07b365c00, 0x000001d07b363b30,
0x000001d07b367cd0, 0x000001d07b3689f0, 0x000001d07b368360, 0x000001d07b366fb0,
0x000001d07b369da0, 0x000001d07b36a430
}

Java Threads: ( => current thread )
  0x000001d018d3a760 JavaThread "main"                              [_thread_blocked, id=40920, stack(0x0000005bcbf00000,0x0000005bcc000000) (1024K)]
  0x000001d018cec130 JavaThread "Reference Handler"          daemon [_thread_blocked, id=38036, stack(0x0000005bcc300000,0x0000005bcc400000) (1024K)]
  0x000001d018ced040 JavaThread "Finalizer"                  daemon [_thread_blocked, id=25060, stack(0x0000005bcc400000,0x0000005bcc500000) (1024K)]
  0x000001d071d8cd50 JavaThread "Signal Dispatcher"          daemon [_thread_blocked, id=37616, stack(0x0000005bcc500000,0x0000005bcc600000) (1024K)]
=>0x000001d071d8dc20 JavaThread "Attach Listener"            daemon [_thread_in_vm, id=19496, stack(0x0000005bcc600000,0x0000005bcc700000) (1024K)]
  0x000001d071d91f40 JavaThread "Service Thread"             daemon [_thread_blocked, id=34144, stack(0x0000005bcc700000,0x0000005bcc800000) (1024K)]
  0x000001d071d97fe0 JavaThread "Monitor Deflation Thread"   daemon [_thread_blocked, id=27140, stack(0x0000005bcc800000,0x0000005bcc900000) (1024K)]
  0x000001d071d9dc70 JavaThread "C2 CompilerThread0"         daemon [_thread_blocked, id=40756, stack(0x0000005bcc900000,0x0000005bcca00000) (1024K)]
  0x000001d071dcbbb0 JavaThread "C1 CompilerThread0"         daemon [_thread_blocked, id=19940, stack(0x0000005bcca00000,0x0000005bccb00000) (1024K)]
  0x000001d071ec5ff0 JavaThread "Common-Cleaner"             daemon [_thread_blocked, id=22172, stack(0x0000005bccb00000,0x0000005bccc00000) (1024K)]
  0x000001d0780819c0 JavaThread "Notification Thread"        daemon [_thread_blocked, id=39572, stack(0x0000005bccf00000,0x0000005bcd000000) (1024K)]
  0x000001d0788068c0 JavaThread "Active Thread: Equinox Container: 8394f558-8a81-42b9-821b-6ba9b1e7e87c"        [_thread_blocked, id=17524, stack(0x0000005bcd800000,0x0000005bcd900000) (1024K)]
  0x000001d0787328d0 JavaThread "Refresh Thread: Equinox Container: 8394f558-8a81-42b9-821b-6ba9b1e7e87c" daemon [_thread_blocked, id=7920, stack(0x0000005bcda00000,0x0000005bcdb00000) (1024K)]
  0x000001d0785fd510 JavaThread "Framework Event Dispatcher: Equinox Container: 8394f558-8a81-42b9-821b-6ba9b1e7e87c" daemon [_thread_blocked, id=2476, stack(0x0000005bcdb00000,0x0000005bcdc00000) (1024K)]
  0x000001d0785fef60 JavaThread "Start Level: Equinox Container: 8394f558-8a81-42b9-821b-6ba9b1e7e87c" daemon [_thread_blocked, id=40828, stack(0x0000005bcdc00000,0x0000005bcdd00000) (1024K)]
  0x000001d078fb4570 JavaThread "Bundle File Closer"         daemon [_thread_blocked, id=40016, stack(0x0000005bce000000,0x0000005bce100000) (1024K)]
  0x000001d078c300e0 JavaThread "SCR Component Actor"        daemon [_thread_blocked, id=35028, stack(0x0000005bce100000,0x0000005bce200000) (1024K)]
  0x000001d07930df40 JavaThread "Worker-JM"                         [_thread_blocked, id=25448, stack(0x0000005bce300000,0x0000005bce400000) (1024K)]
  0x000001d07930e5d0 JavaThread "JNA Cleaner"                daemon [_thread_blocked, id=30856, stack(0x0000005bce400000,0x0000005bce500000) (1024K)]
  0x000001d079310010 JavaThread "Worker-0"                          [_thread_blocked, id=25308, stack(0x0000005bce500000,0x0000005bce600000) (1024K)]
  0x000001d07930cb90 JavaThread "Java indexing"              daemon [_thread_blocked, id=39388, stack(0x0000005bceb00000,0x0000005bcec00000) (1024K)]
  0x000001d07930f2f0 JavaThread "Worker-2"                          [_thread_blocked, id=28128, stack(0x0000005bcee00000,0x0000005bcef00000) (1024K)]
  0x000001d0796efdd0 JavaThread "Thread-1"                   daemon [_thread_in_native, id=36672, stack(0x0000005bcf000000,0x0000005bcf100000) (1024K)]
  0x000001d0796ef740 JavaThread "Thread-2"                   daemon [_thread_in_native, id=40032, stack(0x0000005bcf100000,0x0000005bcf200000) (1024K)]
  0x000001d0796f0af0 JavaThread "Thread-3"                   daemon [_thread_in_native, id=20264, stack(0x0000005bcf200000,0x0000005bcf300000) (1024K)]
  0x000001d0796ef0b0 JavaThread "Thread-4"                   daemon [_thread_in_native, id=9564, stack(0x0000005bcf300000,0x0000005bcf400000) (1024K)]
  0x000001d0796eea20 JavaThread "Thread-5"                   daemon [_thread_in_native, id=11144, stack(0x0000005bcf400000,0x0000005bcf500000) (1024K)]
  0x000001d0796f0460 JavaThread "Thread-6"                   daemon [_thread_in_native, id=24500, stack(0x0000005bcf500000,0x0000005bcf600000) (1024K)]
  0x000001d0796f1180 JavaThread "Thread-7"                   daemon [_thread_in_native, id=14320, stack(0x0000005bcf600000,0x0000005bcf700000) (1024K)]
  0x000001d0796f1810 JavaThread "Thread-8"                   daemon [_thread_in_native, id=15132, stack(0x0000005bcf700000,0x0000005bcf800000) (1024K)]
  0x000001d0796ee390 JavaThread "Thread-9"                   daemon [_thread_in_native, id=40652, stack(0x0000005bcf800000,0x0000005bcf900000) (1024K)]
  0x000001d07b362e10 JavaThread "Thread-10"                  daemon [_thread_in_native, id=14228, stack(0x0000005bcf900000,0x0000005bcfa00000) (1024K)]
  0x000001d07b366920 JavaThread "Thread-11"                  daemon [_thread_in_native, id=4672, stack(0x0000005bcfa00000,0x0000005bcfb00000) (1024K)]
  0x000001d07b364ee0 JavaThread "Thread-12"                  daemon [_thread_in_native, id=9980, stack(0x0000005bcfb00000,0x0000005bcfc00000) (1024K)]
  0x000001d07b3641c0 JavaThread "Thread-13"                  daemon [_thread_in_native, id=11376, stack(0x0000005bcfc00000,0x0000005bcfd00000) (1024K)]
  0x000001d07b364850 JavaThread "Thread-14"                  daemon [_thread_in_native, id=39704, stack(0x0000005bcfd00000,0x0000005bcfe00000) (1024K)]
  0x000001d07b365570 JavaThread "Thread-15"                  daemon [_thread_in_native, id=7304, stack(0x0000005bcfe00000,0x0000005bcff00000) (1024K)]
  0x000001d07b3634a0 JavaThread "Thread-16"                  daemon [_thread_in_native, id=7748, stack(0x0000005bcff00000,0x0000005bd0000000) (1024K)]
  0x000001d07b365c00 JavaThread "Thread-17"                  daemon [_thread_in_native, id=5232, stack(0x0000005bd0000000,0x0000005bd0100000) (1024K)]
  0x000001d07b363b30 JavaThread "Thread-18"                  daemon [_thread_in_native, id=32196, stack(0x0000005bd0100000,0x0000005bd0200000) (1024K)]
  0x000001d07b367cd0 JavaThread "Thread-19"                  daemon [_thread_in_native, id=40544, stack(0x0000005bd0200000,0x0000005bd0300000) (1024K)]
  0x000001d07b3689f0 JavaThread "Thread-20"                  daemon [_thread_in_native, id=37076, stack(0x0000005bd0300000,0x0000005bd0400000) (1024K)]
  0x000001d07b368360 JavaThread "Thread-21"                  daemon [_thread_in_native, id=38808, stack(0x0000005bd0400000,0x0000005bd0500000) (1024K)]
  0x000001d07b366fb0 JavaThread "pool-2-thread-1"                   [_thread_blocked, id=40776, stack(0x0000005bd0500000,0x0000005bd0600000) (1024K)]
  0x000001d07b369da0 JavaThread "WorkspaceEventsHandler"            [_thread_blocked, id=33536, stack(0x0000005bd0d00000,0x0000005bd0e00000) (1024K)]
  0x000001d07b36a430 JavaThread "pool-1-thread-1"                   [_thread_blocked, id=40492, stack(0x0000005bd0e00000,0x0000005bd0f00000) (1024K)]
Total: 46

Other Threads:
  0x000001d071d846e0 VMThread "VM Thread"                           [id=31088, stack(0x0000005bcc200000,0x0000005bcc300000) (1024K)]
  0x000001d018bcca00 WatcherThread "VM Periodic Task Thread"        [id=40240, stack(0x0000005bcc100000,0x0000005bcc200000) (1024K)]
  0x000001d018d59c40 WorkerThread "GC Thread#0"                     [id=22056, stack(0x0000005bcc000000,0x0000005bcc100000) (1024K)]
  0x000001d078b61b50 WorkerThread "GC Thread#1"                     [id=30140, stack(0x0000005bcd100000,0x0000005bcd200000) (1024K)]
  0x000001d0781bbe20 WorkerThread "GC Thread#2"                     [id=31044, stack(0x0000005bcd200000,0x0000005bcd300000) (1024K)]
  0x000001d0788f7440 WorkerThread "GC Thread#3"                     [id=24600, stack(0x0000005bcd300000,0x0000005bcd400000) (1024K)]
  0x000001d0780c46a0 WorkerThread "GC Thread#4"                     [id=27036, stack(0x0000005bcd400000,0x0000005bcd500000) (1024K)]
  0x000001d0780c4a40 WorkerThread "GC Thread#5"                     [id=40192, stack(0x0000005bcd500000,0x0000005bcd600000) (1024K)]
  0x000001d0780c55f0 WorkerThread "GC Thread#6"                     [id=18816, stack(0x0000005bcd600000,0x0000005bcd700000) (1024K)]
  0x000001d07834f250 WorkerThread "GC Thread#7"                     [id=25628, stack(0x0000005bcd900000,0x0000005bcda00000) (1024K)]
  0x000001d07834e770 WorkerThread "GC Thread#8"                     [id=8348, stack(0x0000005bcdd00000,0x0000005bcde00000) (1024K)]
  0x000001d07834f990 WorkerThread "GC Thread#9"                     [id=13556, stack(0x0000005bcde00000,0x0000005bcdf00000) (1024K)]
  0x000001d0783500d0 WorkerThread "GC Thread#10"                    [id=40924, stack(0x0000005bcdf00000,0x0000005bce000000) (1024K)]
  0x000001d07834eb10 WorkerThread "GC Thread#11"                    [id=17936, stack(0x0000005bce200000,0x0000005bce300000) (1024K)]
  0x000001d07834eeb0 WorkerThread "GC Thread#12"                    [id=17600, stack(0x0000005bcd000000,0x0000005bcd100000) (1024K)]
  0x000001d0790fdf80 WorkerThread "GC Thread#13"                    [id=21920, stack(0x0000005bcd700000,0x0000005bcd800000) (1024K)]
  0x000001d0790fcd60 WorkerThread "GC Thread#14"                    [id=25212, stack(0x0000005bce700000,0x0000005bce800000) (1024K)]
Total: 17

Threads with active compile tasks:
Total: 0

VM state: not at safepoint (normal execution)

VM Mutex/Monitor currently owned by a thread: None

Heap address: 0x0000000080000000, size: 2048 MB, Compressed Oops mode: 32-bit

CDS archive(s) mapped at: [0x000001d030000000-0x000001d030ba0000-0x000001d030ba0000), size 12189696, SharedBaseAddress: 0x000001d030000000, ArchiveRelocationMode: 1.
Compressed class space mapped at: 0x000001d031000000-0x000001d071000000, reserved size: 1073741824
Narrow klass base: 0x000001d030000000, Narrow klass shift: 0, Narrow klass range: 0x100000000

GC Precious Log:
 CardTable entry size: 512
 CPUs: 20 total, 20 available
 Memory: 32455M
 Large Page Support: Disabled
 NUMA Support: Disabled
 Compressed Oops: Enabled (32-bit)
 Alignments: Space 512K, Generation 512K, Heap 2M
 Heap Min Capacity: 100M
 Heap Initial Capacity: 100M
 Heap Max Capacity: 2G
 Pre-touch: Disabled
 Parallel Workers: 15

Heap:
 PSYoungGen      total 22016K, used 8582K [0x00000000d5580000, 0x00000000d6d00000, 0x0000000100000000)
  eden space 20480K, 35% used [0x00000000d5580000,0x00000000d5ca99f8,0x00000000d6980000)
  from space 1536K, 81% used [0x00000000d6980000,0x00000000d6ab8020,0x00000000d6b00000)
  to   space 1536K, 0% used [0x00000000d6b80000,0x00000000d6b80000,0x00000000d6d00000)
 ParOldGen       total 68608K, used 43003K [0x0000000080000000, 0x0000000084300000, 0x00000000d5580000)
  object space 68608K, 62% used [0x0000000080000000,0x00000000829feff0,0x0000000084300000)
 Metaspace       used 51390K, committed 52736K, reserved 1114112K
  class space    used 5625K, committed 6208K, reserved 1048576K

Card table byte_map: [0x000001d0186e0000,0x000001d018af0000] _byte_map_base: 0x000001d0182e0000

Marking Bits: (ParMarkBitMap*) 0x00007ffec354a340
 Begin Bits: [0x000001d02b1e0000, 0x000001d02d1e0000)
 End Bits:   [0x000001d02d1e0000, 0x000001d02f1e0000)

Polling page: 0x000001d0169e0000

Metaspace:

Usage:
  Non-class:     44.69 MB used.
      Class:      5.49 MB used.
       Both:     50.19 MB used.

Virtual space:
  Non-class space:       64.00 MB reserved,      45.44 MB ( 71%) committed,  1 nodes.
      Class space:        1.00 GB reserved,       6.06 MB ( <1%) committed,  1 nodes.
             Both:        1.06 GB reserved,      51.50 MB (  5%) committed. 

Chunk freelists:
   Non-Class:  2.53 MB
       Class:  9.79 MB
        Both:  12.32 MB

MaxMetaspaceSize: unlimited
CompressedClassSpaceSize: 1.00 GB
Initial GC threshold: 21.00 MB
Current GC threshold: 58.38 MB
CDS: on
 - commit_granule_bytes: 65536.
 - commit_granule_words: 8192.
 - virtual_space_node_default_size: 8388608.
 - enlarge_chunks_in_place: 1.
 - use_allocation_guard: 0.


Internal statistics:

num_allocs_failed_limit: 6.
num_arena_births: 1032.
num_arena_deaths: 14.
num_vsnodes_births: 2.
num_vsnodes_deaths: 0.
num_space_committed: 824.
num_space_uncommitted: 0.
num_chunks_returned_to_freelist: 20.
num_chunks_taken_from_freelist: 3395.
num_chunk_merges: 12.
num_chunk_splits: 2100.
num_chunks_enlarged: 1194.
num_inconsistent_stats: 0.

CodeHeap 'non-profiled nmethods': size=119168Kb used=4250Kb max_used=4250Kb free=114917Kb
 bounds [0x000001d023ad0000, 0x000001d023f00000, 0x000001d02af30000]
CodeHeap 'profiled nmethods': size=119104Kb used=14874Kb max_used=14874Kb free=104229Kb
 bounds [0x000001d01bf30000, 0x000001d01cdc0000, 0x000001d023380000]
CodeHeap 'non-nmethods': size=7488Kb used=1381Kb max_used=3130Kb free=6106Kb
 bounds [0x000001d023380000, 0x000001d0236a0000, 0x000001d023ad0000]
CodeCache: size=245760Kb, used=20505Kb, max_used=22254Kb, free=225252Kb
 total_blobs=7705, nmethods=7020, adapters=591, full_count=0
Compilation: enabled, stopped_count=0, restarted_count=0

Compilation events (20 events):
Event: 394.170 Thread 0x000001d071dcbbb0 7587       3       java.util.concurrent.locks.AbstractQueuedSynchronizer$Node::clearStatus (12 bytes)
Event: 394.170 Thread 0x000001d071dcbbb0 nmethod 7587 0x000001d01cdb3e90 code [0x000001d01cdb4040, 0x000001d01cdb41a0]
Event: 514.456 Thread 0x000001d071dcbbb0 7588   !   3       java.util.concurrent.locks.LockSupport::parkNanos (56 bytes)
Event: 514.456 Thread 0x000001d071dcbbb0 nmethod 7588 0x000001d01cdb4290 code [0x000001d01cdb44a0, 0x000001d01cdb48e0]
Event: 571.318 Thread 0x000001d071dcbbb0 7589       3       java.util.concurrent.ScheduledThreadPoolExecutor$ScheduledFutureTask::getDelay (16 bytes)
Event: 571.318 Thread 0x000001d071dcbbb0 nmethod 7589 0x000001d01cdb4a90 code [0x000001d01cdb4c40, 0x000001d01cdb4dd8]
Event: 574.509 Thread 0x000001d071dcbbb0 7590       3       java.util.Optional::of (12 bytes)
Event: 574.510 Thread 0x000001d071dcbbb0 nmethod 7590 0x000001d01cdb4e90 code [0x000001d01cdb5060, 0x000001d01cdb53d8]
Event: 914.761 Thread 0x000001d071dcbbb0 7592       3       java.util.concurrent.ThreadPoolExecutor$Worker::unlock (7 bytes)
Event: 914.761 Thread 0x000001d071dcbbb0 nmethod 7592 0x000001d01cdb5590 code [0x000001d01cdb5760, 0x000001d01cdb59b8]
Event: 914.761 Thread 0x000001d071dcbbb0 7593       3       java.util.concurrent.ThreadPoolExecutor$Worker::tryRelease (12 bytes)
Event: 914.761 Thread 0x000001d071dcbbb0 nmethod 7593 0x000001d01cdb5b10 code [0x000001d01cdb5ca0, 0x000001d01cdb5e08]
Event: 944.791 Thread 0x000001d071dcbbb0 7594       3       java.util.concurrent.ThreadPoolExecutor$Worker::tryAcquire (20 bytes)
Event: 944.791 Thread 0x000001d071dcbbb0 nmethod 7594 0x000001d01cdb5e90 code [0x000001d01cdb6040, 0x000001d01cdb6248]
Event: 961.401 Thread 0x000001d071dcbbb0 7595       3       java.util.concurrent.ThreadPoolExecutor$Worker::lock (6 bytes)
Event: 961.401 Thread 0x000001d071dcbbb0 nmethod 7595 0x000001d01cdb6310 code [0x000001d01cdb64c0, 0x000001d01cdb6600]
Event: 963.015 Thread 0x000001d071d9dc70 7596       4       jdk.internal.misc.Unsafe::weakCompareAndSetLong (11 bytes)
Event: 963.016 Thread 0x000001d071d9dc70 nmethod 7596 0x000001d023ef6890 code [0x000001d023ef6a20, 0x000001d023ef6ac0]
Event: 967.304 Thread 0x000001d071dcbbb0 7597       3       java.util.concurrent.locks.ReentrantLock$NonfairSync::tryAcquire (27 bytes)
Event: 967.304 Thread 0x000001d071dcbbb0 nmethod 7597 0x000001d01cdb6690 code [0x000001d01cdb6840, 0x000001d01cdb6a88]

GC Heap History (20 events):
Event: 5.882 GC heap before
{Heap before GC invocations=20 (full 2):
 PSYoungGen      total 22016K, used 21728K [0x00000000d5580000, 0x00000000d6d80000, 0x0000000100000000)
  eden space 20480K, 100% used [0x00000000d5580000,0x00000000d6980000,0x00000000d6980000)
  from space 1536K, 81% used [0x00000000d6b00000,0x00000000d6c38000,0x00000000d6c80000)
  to   space 1024K, 0% used [0x00000000d6c80000,0x00000000d6c80000,0x00000000d6d80000)
 ParOldGen       total 68608K, used 24556K [0x0000000080000000, 0x0000000084300000, 0x00000000d5580000)
  object space 68608K, 35% used [0x0000000080000000,0x00000000817fb168,0x0000000084300000)
 Metaspace       used 45137K, committed 46400K, reserved 1114112K
  class space    used 4941K, committed 5504K, reserved 1048576K
}
Event: 5.883 GC heap after
{Heap after GC invocations=20 (full 2):
 PSYoungGen      total 21504K, used 1024K [0x00000000d5580000, 0x00000000d6e80000, 0x0000000100000000)
  eden space 20480K, 0% used [0x00000000d5580000,0x00000000d5580000,0x00000000d6980000)
  from space 1024K, 100% used [0x00000000d6c80000,0x00000000d6d80000,0x00000000d6d80000)
  to   space 2560K, 0% used [0x00000000d6980000,0x00000000d6980000,0x00000000d6c00000)
 ParOldGen       total 68608K, used 25795K [0x0000000080000000, 0x0000000084300000, 0x00000000d5580000)
  object space 68608K, 37% used [0x0000000080000000,0x0000000081930e68,0x0000000084300000)
 Metaspace       used 45137K, committed 46400K, reserved 1114112K
  class space    used 4941K, committed 5504K, reserved 1048576K
}
Event: 6.208 GC heap before
{Heap before GC invocations=21 (full 2):
 PSYoungGen      total 21504K, used 21504K [0x00000000d5580000, 0x00000000d6e80000, 0x0000000100000000)
  eden space 20480K, 100% used [0x00000000d5580000,0x00000000d6980000,0x00000000d6980000)
  from space 1024K, 100% used [0x00000000d6c80000,0x00000000d6d80000,0x00000000d6d80000)
  to   space 2560K, 0% used [0x00000000d6980000,0x00000000d6980000,0x00000000d6c00000)
 ParOldGen       total 68608K, used 25795K [0x0000000080000000, 0x0000000084300000, 0x00000000d5580000)
  object space 68608K, 37% used [0x0000000080000000,0x0000000081930e68,0x0000000084300000)
 Metaspace       used 47258K, committed 48576K, reserved 1114112K
  class space    used 5178K, committed 5760K, reserved 1048576K
}
Event: 6.210 GC heap after
{Heap after GC invocations=21 (full 2):
 PSYoungGen      total 23040K, used 2548K [0x00000000d5580000, 0x00000000d7680000, 0x0000000100000000)
  eden space 20480K, 0% used [0x00000000d5580000,0x00000000d5580000,0x00000000d6980000)
  from space 2560K, 99% used [0x00000000d6980000,0x00000000d6bfd158,0x00000000d6c00000)
  to   space 6656K, 0% used [0x00000000d7000000,0x00000000d7000000,0x00000000d7680000)
 ParOldGen       total 68608K, used 28859K [0x0000000080000000, 0x0000000084300000, 0x00000000d5580000)
  object space 68608K, 42% used [0x0000000080000000,0x0000000081c2ee68,0x0000000084300000)
 Metaspace       used 47258K, committed 48576K, reserved 1114112K
  class space    used 5178K, committed 5760K, reserved 1048576K
}
Event: 6.394 GC heap before
{Heap before GC invocations=22 (full 2):
 PSYoungGen      total 23040K, used 23028K [0x00000000d5580000, 0x00000000d7680000, 0x0000000100000000)
  eden space 20480K, 100% used [0x00000000d5580000,0x00000000d6980000,0x00000000d6980000)
  from space 2560K, 99% used [0x00000000d6980000,0x00000000d6bfd158,0x00000000d6c00000)
  to   space 6656K, 0% used [0x00000000d7000000,0x00000000d7000000,0x00000000d7680000)
 ParOldGen       total 68608K, used 28859K [0x0000000080000000, 0x0000000084300000, 0x00000000d5580000)
  object space 68608K, 42% used [0x0000000080000000,0x0000000081c2ee68,0x0000000084300000)
 Metaspace       used 48461K, committed 49792K, reserved 1114112K
  class space    used 5280K, committed 5888K, reserved 1048576K
}
Event: 6.396 GC heap after
{Heap after GC invocations=22 (full 2):
 PSYoungGen      total 22528K, used 1984K [0x00000000d5580000, 0x00000000d7200000, 0x0000000100000000)
  eden space 20480K, 0% used [0x00000000d5580000,0x00000000d5580000,0x00000000d6980000)
  from space 2048K, 96% used [0x00000000d7000000,0x00000000d71f0030,0x00000000d7200000)
  to   space 3584K, 0% used [0x00000000d6b00000,0x00000000d6b00000,0x00000000d6e80000)
 ParOldGen       total 68608K, used 29837K [0x0000000080000000, 0x0000000084300000, 0x00000000d5580000)
  object space 68608K, 43% used [0x0000000080000000,0x0000000081d23710,0x0000000084300000)
 Metaspace       used 48461K, committed 49792K, reserved 1114112K
  class space    used 5280K, committed 5888K, reserved 1048576K
}
Event: 6.438 GC heap before
{Heap before GC invocations=23 (full 2):
 PSYoungGen      total 22528K, used 22464K [0x00000000d5580000, 0x00000000d7200000, 0x0000000100000000)
  eden space 20480K, 100% used [0x00000000d5580000,0x00000000d6980000,0x00000000d6980000)
  from space 2048K, 96% used [0x00000000d7000000,0x00000000d71f0030,0x00000000d7200000)
  to   space 3584K, 0% used [0x00000000d6b00000,0x00000000d6b00000,0x00000000d6e80000)
 ParOldGen       total 68608K, used 29837K [0x0000000080000000, 0x0000000084300000, 0x00000000d5580000)
  object space 68608K, 43% used [0x0000000080000000,0x0000000081d23710,0x0000000084300000)
 Metaspace       used 48464K, committed 49792K, reserved 1114112K
  class space    used 5280K, committed 5888K, reserved 1048576K
}
Event: 6.440 GC heap after
{Heap after GC invocations=23 (full 2):
 PSYoungGen      total 23040K, used 2048K [0x00000000d5580000, 0x00000000d7080000, 0x0000000100000000)
  eden space 20480K, 0% used [0x00000000d5580000,0x00000000d5580000,0x00000000d6980000)
  from space 2560K, 80% used [0x00000000d6b00000,0x00000000d6d00010,0x00000000d6d80000)
  to   space 2560K, 0% used [0x00000000d6e00000,0x00000000d6e00000,0x00000000d7080000)
 ParOldGen       total 68608K, used 31606K [0x0000000080000000, 0x0000000084300000, 0x00000000d5580000)
  object space 68608K, 46% used [0x0000000080000000,0x0000000081edda00,0x0000000084300000)
 Metaspace       used 48464K, committed 49792K, reserved 1114112K
  class space    used 5280K, committed 5888K, reserved 1048576K
}
Event: 6.558 GC heap before
{Heap before GC invocations=24 (full 2):
 PSYoungGen      total 23040K, used 22528K [0x00000000d5580000, 0x00000000d7080000, 0x0000000100000000)
  eden space 20480K, 100% used [0x00000000d5580000,0x00000000d6980000,0x00000000d6980000)
  from space 2560K, 80% used [0x00000000d6b00000,0x00000000d6d00010,0x00000000d6d80000)
  to   space 2560K, 0% used [0x00000000d6e00000,0x00000000d6e00000,0x00000000d7080000)
 ParOldGen       total 68608K, used 31606K [0x0000000080000000, 0x0000000084300000, 0x00000000d5580000)
  object space 68608K, 46% used [0x0000000080000000,0x0000000081edda00,0x0000000084300000)
 Metaspace       used 48861K, committed 50176K, reserved 1114112K
  class space    used 5340K, committed 5952K, reserved 1048576K
}
Event: 6.561 GC heap after
{Heap after GC invocations=24 (full 2):
 PSYoungGen      total 23040K, used 2466K [0x00000000d5580000, 0x00000000d7080000, 0x0000000100000000)
  eden space 20480K, 0% used [0x00000000d5580000,0x00000000d5580000,0x00000000d6980000)
  from space 2560K, 96% used [0x00000000d6e00000,0x00000000d7068820,0x00000000d7080000)
  to   space 2560K, 0% used [0x00000000d6b00000,0x00000000d6b00000,0x00000000d6d80000)
 ParOldGen       total 68608K, used 33390K [0x0000000080000000, 0x0000000084300000, 0x00000000d5580000)
  object space 68608K, 48% used [0x0000000080000000,0x000000008209ba00,0x0000000084300000)
 Metaspace       used 48861K, committed 50176K, reserved 1114112K
  class space    used 5340K, committed 5952K, reserved 1048576K
}
Event: 6.592 GC heap before
{Heap before GC invocations=25 (full 2):
 PSYoungGen      total 23040K, used 22946K [0x00000000d5580000, 0x00000000d7080000, 0x0000000100000000)
  eden space 20480K, 100% used [0x00000000d5580000,0x00000000d6980000,0x00000000d6980000)
  from space 2560K, 96% used [0x00000000d6e00000,0x00000000d7068820,0x00000000d7080000)
  to   space 2560K, 0% used [0x00000000d6b00000,0x00000000d6b00000,0x00000000d6d80000)
 ParOldGen       total 68608K, used 33390K [0x0000000080000000, 0x0000000084300000, 0x00000000d5580000)
  object space 68608K, 48% used [0x0000000080000000,0x000000008209ba00,0x0000000084300000)
 Metaspace       used 48878K, committed 50176K, reserved 1114112K
  class space    used 5340K, committed 5952K, reserved 1048576K
}
Event: 6.594 GC heap after
{Heap after GC invocations=25 (full 2):
 PSYoungGen      total 23040K, used 2080K [0x00000000d5580000, 0x00000000d6e80000, 0x0000000100000000)
  eden space 20480K, 0% used [0x00000000d5580000,0x00000000d5580000,0x00000000d6980000)
  from space 2560K, 81% used [0x00000000d6b00000,0x00000000d6d08000,0x00000000d6d80000)
  to   space 1024K, 0% used [0x00000000d6d80000,0x00000000d6d80000,0x00000000d6e80000)
 ParOldGen       total 68608K, used 35556K [0x0000000080000000, 0x0000000084300000, 0x00000000d5580000)
  object space 68608K, 51% used [0x0000000080000000,0x00000000822b9330,0x0000000084300000)
 Metaspace       used 48878K, committed 50176K, reserved 1114112K
  class space    used 5340K, committed 5952K, reserved 1048576K
}
Event: 6.628 GC heap before
{Heap before GC invocations=26 (full 2):
 PSYoungGen      total 23040K, used 22560K [0x00000000d5580000, 0x00000000d6e80000, 0x0000000100000000)
  eden space 20480K, 100% used [0x00000000d5580000,0x00000000d6980000,0x00000000d6980000)
  from space 2560K, 81% used [0x00000000d6b00000,0x00000000d6d08000,0x00000000d6d80000)
  to   space 1024K, 0% used [0x00000000d6d80000,0x00000000d6d80000,0x00000000d6e80000)
 ParOldGen       total 68608K, used 35556K [0x0000000080000000, 0x0000000084300000, 0x00000000d5580000)
  object space 68608K, 51% used [0x0000000080000000,0x00000000822b9330,0x0000000084300000)
 Metaspace       used 48884K, committed 50176K, reserved 1114112K
  class space    used 5340K, committed 5952K, reserved 1048576K
}
Event: 6.630 GC heap after
{Heap after GC invocations=26 (full 2):
 PSYoungGen      total 21504K, used 1024K [0x00000000d5580000, 0x00000000d7180000, 0x0000000100000000)
  eden space 20480K, 0% used [0x00000000d5580000,0x00000000d5580000,0x00000000d6980000)
  from space 1024K, 100% used [0x00000000d6d80000,0x00000000d6e80000,0x00000000d6e80000)
  to   space 4096K, 0% used [0x00000000d6980000,0x00000000d6980000,0x00000000d6d80000)
 ParOldGen       total 68608K, used 38307K [0x0000000080000000, 0x0000000084300000, 0x00000000d5580000)
  object space 68608K, 55% used [0x0000000080000000,0x0000000082568de0,0x0000000084300000)
 Metaspace       used 48884K, committed 50176K, reserved 1114112K
  class space    used 5340K, committed 5952K, reserved 1048576K
}
Event: 6.667 GC heap before
{Heap before GC invocations=27 (full 2):
 PSYoungGen      total 21504K, used 21504K [0x00000000d5580000, 0x00000000d7180000, 0x0000000100000000)
  eden space 20480K, 100% used [0x00000000d5580000,0x00000000d6980000,0x00000000d6980000)
  from space 1024K, 100% used [0x00000000d6d80000,0x00000000d6e80000,0x00000000d6e80000)
  to   space 4096K, 0% used [0x00000000d6980000,0x00000000d6980000,0x00000000d6d80000)
 ParOldGen       total 68608K, used 38307K [0x0000000080000000, 0x0000000084300000, 0x00000000d5580000)
  object space 68608K, 55% used [0x0000000080000000,0x0000000082568de0,0x0000000084300000)
 Metaspace       used 48900K, committed 50240K, reserved 1114112K
  class space    used 5340K, committed 5952K, reserved 1048576K
}
Event: 6.670 GC heap after
{Heap after GC invocations=27 (full 2):
 PSYoungGen      total 23040K, used 2144K [0x00000000d5580000, 0x00000000d6f80000, 0x0000000100000000)
  eden space 20480K, 0% used [0x00000000d5580000,0x00000000d5580000,0x00000000d6980000)
  from space 2560K, 83% used [0x00000000d6980000,0x00000000d6b98010,0x00000000d6c00000)
  to   space 3072K, 0% used [0x00000000d6c80000,0x00000000d6c80000,0x00000000d6f80000)
 ParOldGen       total 68608K, used 39371K [0x0000000080000000, 0x0000000084300000, 0x00000000d5580000)
  object space 68608K, 57% used [0x0000000080000000,0x0000000082672de0,0x0000000084300000)
 Metaspace       used 48900K, committed 50240K, reserved 1114112K
  class space    used 5340K, committed 5952K, reserved 1048576K
}
Event: 6.710 GC heap before
{Heap before GC invocations=28 (full 2):
 PSYoungGen      total 23040K, used 22624K [0x00000000d5580000, 0x00000000d6f80000, 0x0000000100000000)
  eden space 20480K, 100% used [0x00000000d5580000,0x00000000d6980000,0x00000000d6980000)
  from space 2560K, 83% used [0x00000000d6980000,0x00000000d6b98010,0x00000000d6c00000)
  to   space 3072K, 0% used [0x00000000d6c80000,0x00000000d6c80000,0x00000000d6f80000)
 ParOldGen       total 68608K, used 39371K [0x0000000080000000, 0x0000000084300000, 0x00000000d5580000)
  object space 68608K, 57% used [0x0000000080000000,0x0000000082672de0,0x0000000084300000)
 Metaspace       used 48924K, committed 50240K, reserved 1114112K
  class space    used 5340K, committed 5952K, reserved 1048576K
}
Event: 6.713 GC heap after
{Heap after GC invocations=28 (full 2):
 PSYoungGen      total 22528K, used 1880K [0x00000000d5580000, 0x00000000d6e80000, 0x0000000100000000)
  eden space 20480K, 0% used [0x00000000d5580000,0x00000000d5580000,0x00000000d6980000)
  from space 2048K, 91% used [0x00000000d6c80000,0x00000000d6e56200,0x00000000d6e80000)
  to   space 2560K, 0% used [0x00000000d6980000,0x00000000d6980000,0x00000000d6c00000)
 ParOldGen       total 68608K, used 41323K [0x0000000080000000, 0x0000000084300000, 0x00000000d5580000)
  object space 68608K, 60% used [0x0000000080000000,0x000000008285adf0,0x0000000084300000)
 Metaspace       used 48924K, committed 50240K, reserved 1114112K
  class space    used 5340K, committed 5952K, reserved 1048576K
}
Event: 7.160 GC heap before
{Heap before GC invocations=29 (full 2):
 PSYoungGen      total 22528K, used 22360K [0x00000000d5580000, 0x00000000d6e80000, 0x0000000100000000)
  eden space 20480K, 100% used [0x00000000d5580000,0x00000000d6980000,0x00000000d6980000)
  from space 2048K, 91% used [0x00000000d6c80000,0x00000000d6e56200,0x00000000d6e80000)
  to   space 2560K, 0% used [0x00000000d6980000,0x00000000d6980000,0x00000000d6c00000)
 ParOldGen       total 68608K, used 41323K [0x0000000080000000, 0x0000000084300000, 0x00000000d5580000)
  object space 68608K, 60% used [0x0000000080000000,0x000000008285adf0,0x0000000084300000)
 Metaspace       used 50653K, committed 51968K, reserved 1114112K
  class space    used 5546K, committed 6144K, reserved 1048576K
}
Event: 7.164 GC heap after
{Heap after GC invocations=29 (full 2):
 PSYoungGen      total 22016K, used 1248K [0x00000000d5580000, 0x00000000d6d00000, 0x0000000100000000)
  eden space 20480K, 0% used [0x00000000d5580000,0x00000000d5580000,0x00000000d6980000)
  from space 1536K, 81% used [0x00000000d6980000,0x00000000d6ab8020,0x00000000d6b00000)
  to   space 1536K, 0% used [0x00000000d6b80000,0x00000000d6b80000,0x00000000d6d00000)
 ParOldGen       total 68608K, used 43003K [0x0000000080000000, 0x0000000084300000, 0x00000000d5580000)
  object space 68608K, 62% used [0x0000000080000000,0x00000000829feff0,0x0000000084300000)
 Metaspace       used 50653K, committed 51968K, reserved 1114112K
  class space    used 5546K, committed 6144K, reserved 1048576K
}

Dll operation events (10 events):
Event: 0.015 Loaded shared library c:\Users\bapti\.vscode\extensions\redhat.java-1.46.0-win32-x64\jre\21.0.8-win32-x86_64\bin\java.dll
Event: 0.077 Loaded shared library c:\Users\bapti\.vscode\extensions\redhat.java-1.46.0-win32-x64\jre\21.0.8-win32-x86_64\bin\zip.dll
Event: 0.101 Loaded shared library C:\Users\bapti\.vscode\extensions\redhat.java-1.46.0-win32-x64\jre\21.0.8-win32-x86_64\bin\instrument.dll
Event: 0.107 Loaded shared library C:\Users\bapti\.vscode\extensions\redhat.java-1.46.0-win32-x64\jre\21.0.8-win32-x86_64\bin\net.dll
Event: 0.110 Loaded shared library C:\Users\bapti\.vscode\extensions\redhat.java-1.46.0-win32-x64\jre\21.0.8-win32-x86_64\bin\nio.dll
Event: 0.113 Loaded shared library C:\Users\bapti\.vscode\extensions\redhat.java-1.46.0-win32-x64\jre\21.0.8-win32-x86_64\bin\zip.dll
Event: 0.130 Loaded shared library C:\Users\bapti\.vscode\extensions\redhat.java-1.46.0-win32-x64\jre\21.0.8-win32-x86_64\bin\jimage.dll
Event: 0.206 Loaded shared library c:\Users\bapti\.vscode\extensions\redhat.java-1.46.0-win32-x64\jre\21.0.8-win32-x86_64\bin\verify.dll
Event: 1.384 Loaded shared library C:\Users\bapti\AppData\Roaming\Code\User\globalStorage\redhat.java\1.46.0\config_win\org.eclipse.equinox.launcher\org.eclipse.equinox.launcher.win32.win32.x86_64_1.2.1400.v20250801-0854\eclipse_11916.dll
Event: 2.830 Loaded shared library C:\Users\bapti\AppData\Local\Temp\jna-93506118\jna1976517486528591195.dll

Deoptimization events (20 events):
Event: 31.149 Thread 0x000001d0788068c0 Uncommon trap: trap_request=0xffffff45 fr.pc=0x000001d023bfa7e4 relative=0x00000000000006a4
Event: 31.149 Thread 0x000001d0788068c0 Uncommon trap: reason=unstable_if action=reinterpret pc=0x000001d023bfa7e4 method=java.util.HashMap.putVal(ILjava/lang/Object;Ljava/lang/Object;ZZ)Ljava/lang/Object; @ 94 c2
Event: 31.149 Thread 0x000001d0788068c0 DEOPT PACKING pc=0x000001d023bfa7e4 sp=0x0000005bcd8fe8b0
Event: 31.149 Thread 0x000001d0788068c0 DEOPT UNPACKING pc=0x000001d0233d3aa2 sp=0x0000005bcd8fe7c0 mode 2
Event: 31.150 Thread 0x000001d0788068c0 Uncommon trap: trap_request=0xffffff45 fr.pc=0x000001d023cd918c relative=0x000000000000064c
Event: 31.150 Thread 0x000001d0788068c0 Uncommon trap: reason=unstable_if action=reinterpret pc=0x000001d023cd918c method=java.util.HashMap.putVal(ILjava/lang/Object;Ljava/lang/Object;ZZ)Ljava/lang/Object; @ 94 c2
Event: 31.150 Thread 0x000001d0788068c0 DEOPT PACKING pc=0x000001d023cd918c sp=0x0000005bcd8fe810
Event: 31.150 Thread 0x000001d0788068c0 DEOPT UNPACKING pc=0x000001d0233d3aa2 sp=0x0000005bcd8fe7b8 mode 2
Event: 31.157 Thread 0x000001d0788068c0 Uncommon trap: trap_request=0xffffff45 fr.pc=0x000001d023b73528 relative=0x0000000000000148
Event: 31.157 Thread 0x000001d0788068c0 Uncommon trap: reason=unstable_if action=reinterpret pc=0x000001d023b73528 method=java.util.HashMap.getNode(Ljava/lang/Object;)Ljava/util/HashMap$Node; @ 66 c2
Event: 31.157 Thread 0x000001d0788068c0 DEOPT PACKING pc=0x000001d023b73528 sp=0x0000005bcd8fea30
Event: 31.157 Thread 0x000001d0788068c0 DEOPT UNPACKING pc=0x000001d0233d3aa2 sp=0x0000005bcd8fe940 mode 2
Event: 31.157 Thread 0x000001d0788068c0 Uncommon trap: trap_request=0xffffff45 fr.pc=0x000001d023b72d28 relative=0x0000000000000148
Event: 31.157 Thread 0x000001d0788068c0 Uncommon trap: reason=unstable_if action=reinterpret pc=0x000001d023b72d28 method=java.util.HashMap.getNode(Ljava/lang/Object;)Ljava/util/HashMap$Node; @ 66 c2
Event: 31.157 Thread 0x000001d0788068c0 DEOPT PACKING pc=0x000001d023b72d28 sp=0x0000005bcd8fe950
Event: 31.157 Thread 0x000001d0788068c0 DEOPT UNPACKING pc=0x000001d0233d3aa2 sp=0x0000005bcd8fe8d0 mode 2
Event: 302.899 Thread 0x000001d079310010 Uncommon trap: trap_request=0xffffff45 fr.pc=0x000001d023edf118 relative=0x0000000000000678
Event: 302.899 Thread 0x000001d079310010 Uncommon trap: reason=unstable_if action=reinterpret pc=0x000001d023edf118 method=java.util.HashMap.putVal(ILjava/lang/Object;Ljava/lang/Object;ZZ)Ljava/lang/Object; @ 236 c2
Event: 302.899 Thread 0x000001d079310010 DEOPT PACKING pc=0x000001d023edf118 sp=0x0000005bce5fec70
Event: 302.899 Thread 0x000001d079310010 DEOPT UNPACKING pc=0x000001d0233d3aa2 sp=0x0000005bce5febe8 mode 2

Classes loaded (20 events):
Event: 31.186 Loading class sun/util/locale/provider/TimeZoneNameProviderImpl done
Event: 31.186 Loading class sun/util/cldr/CLDRTimeZoneNameProviderImpl done
Event: 31.188 Loading class sun/util/locale/provider/BaseLocaleDataMetaInfo
Event: 31.188 Loading class sun/util/locale/provider/BaseLocaleDataMetaInfo done
Event: 31.189 Loading class sun/util/resources/cldr/TimeZoneNames
Event: 31.189 Loading class sun/util/resources/TimeZoneNamesBundle
Event: 31.189 Loading class sun/util/resources/OpenListResourceBundle
Event: 31.189 Loading class sun/util/resources/OpenListResourceBundle done
Event: 31.190 Loading class sun/util/resources/TimeZoneNamesBundle done
Event: 31.190 Loading class sun/util/resources/cldr/TimeZoneNames done
Event: 31.190 Loading class sun/util/resources/cldr/TimeZoneNames_en
Event: 31.191 Loading class sun/util/resources/cldr/TimeZoneNames_en done
Event: 31.191 Loading class sun/util/resources/cldr/TimeZoneNames_en_US
Event: 31.191 Loading class sun/util/resources/cldr/TimeZoneNames_en_US done
Event: 31.192 Loading class sun/util/cldr/CLDRBaseLocaleDataMetaInfo$TZCanonicalIDMapHolder
Event: 31.194 Loading class sun/util/cldr/CLDRBaseLocaleDataMetaInfo$TZCanonicalIDMapHolder done
Event: 31.195 Loading class sun/util/resources/TimeZoneNames
Event: 31.195 Loading class sun/util/resources/TimeZoneNames done
Event: 31.195 Loading class sun/util/resources/TimeZoneNames_en
Event: 31.196 Loading class sun/util/resources/TimeZoneNames_en done

Classes unloaded (7 events):
Event: 3.278 Thread 0x000001d071d846e0 Unloading class 0x000001d0311ab400 'java/lang/invoke/LambdaForm$MH+0x000001d0311ab400'
Event: 3.278 Thread 0x000001d071d846e0 Unloading class 0x000001d0311ab000 'java/lang/invoke/LambdaForm$MH+0x000001d0311ab000'
Event: 3.278 Thread 0x000001d071d846e0 Unloading class 0x000001d0311aac00 'java/lang/invoke/LambdaForm$MH+0x000001d0311aac00'
Event: 3.278 Thread 0x000001d071d846e0 Unloading class 0x000001d0311aa800 'java/lang/invoke/LambdaForm$MH+0x000001d0311aa800'
Event: 3.278 Thread 0x000001d071d846e0 Unloading class 0x000001d0311aa400 'java/lang/invoke/LambdaForm$BMH+0x000001d0311aa400'
Event: 3.278 Thread 0x000001d071d846e0 Unloading class 0x000001d0311aa000 'java/lang/invoke/LambdaForm$DMH+0x000001d0311aa000'
Event: 3.278 Thread 0x000001d071d846e0 Unloading class 0x000001d0311a8c00 'java/lang/invoke/LambdaForm$DMH+0x000001d0311a8c00'

Classes redefined (0 events):
No events

Internal exceptions (20 events):
Event: 7.055 Thread 0x000001d07b369710 Exception <a 'sun/nio/fs/WindowsException'{0x00000000d6742c18}> (0x00000000d6742c18) 
thrown [s\src\hotspot\share\prims\jni.cpp, line 520]
Event: 7.055 Thread 0x000001d07b369710 Exception <a 'sun/nio/fs/WindowsException'{0x00000000d67434f8}> (0x00000000d67434f8) 
thrown [s\src\hotspot\share\prims\jni.cpp, line 520]
Event: 7.112 Thread 0x000001d079310010 Exception <a 'sun/nio/fs/WindowsException'{0x00000000d69641c8}> (0x00000000d69641c8) 
thrown [s\src\hotspot\share\prims\jni.cpp, line 520]
Event: 7.112 Thread 0x000001d079310010 Exception <a 'sun/nio/fs/WindowsException'{0x00000000d6964a18}> (0x00000000d6964a18) 
thrown [s\src\hotspot\share\prims\jni.cpp, line 520]
Event: 7.113 Thread 0x000001d079310010 Exception <a 'sun/nio/fs/WindowsException'{0x00000000d6965ad0}> (0x00000000d6965ad0) 
thrown [s\src\hotspot\share\prims\jni.cpp, line 520]
Event: 7.113 Thread 0x000001d079310010 Exception <a 'sun/nio/fs/WindowsException'{0x00000000d6966100}> (0x00000000d6966100) 
thrown [s\src\hotspot\share\prims\jni.cpp, line 520]
Event: 7.114 Thread 0x000001d079310010 Exception <a 'sun/nio/fs/WindowsException'{0x00000000d6966f38}> (0x00000000d6966f38) 
thrown [s\src\hotspot\share\prims\jni.cpp, line 520]
Event: 7.114 Thread 0x000001d079310010 Exception <a 'sun/nio/fs/WindowsException'{0x00000000d6967568}> (0x00000000d6967568) 
thrown [s\src\hotspot\share\prims\jni.cpp, line 520]
Event: 7.114 Thread 0x000001d079310010 Exception <a 'sun/nio/fs/WindowsException'{0x00000000d69681d8}> (0x00000000d69681d8) 
thrown [s\src\hotspot\share\prims\jni.cpp, line 520]
Event: 7.114 Thread 0x000001d079310010 Exception <a 'sun/nio/fs/WindowsException'{0x00000000d6968a28}> (0x00000000d6968a28) 
thrown [s\src\hotspot\share\prims\jni.cpp, line 520]
Event: 7.116 Thread 0x000001d079310010 Exception <a 'sun/nio/fs/WindowsException'{0x00000000d696a5d8}> (0x00000000d696a5d8) 
thrown [s\src\hotspot\share\prims\jni.cpp, line 520]
Event: 7.116 Thread 0x000001d079310010 Exception <a 'sun/nio/fs/WindowsException'{0x00000000d696ae28}> (0x00000000d696ae28) 
thrown [s\src\hotspot\share\prims\jni.cpp, line 520]
Event: 7.116 Thread 0x000001d079310010 Exception <a 'sun/nio/fs/WindowsException'{0x00000000d696c138}> (0x00000000d696c138) 
thrown [s\src\hotspot\share\prims\jni.cpp, line 520]
Event: 7.116 Thread 0x000001d079310010 Exception <a 'sun/nio/fs/WindowsException'{0x00000000d696c768}> (0x00000000d696c768) 
thrown [s\src\hotspot\share\prims\jni.cpp, line 520]
Event: 7.116 Thread 0x000001d079310010 Exception <a 'sun/nio/fs/WindowsException'{0x00000000d696d5a0}> (0x00000000d696d5a0) 
thrown [s\src\hotspot\share\prims\jni.cpp, line 520]
Event: 7.116 Thread 0x000001d079310010 Exception <a 'sun/nio/fs/WindowsException'{0x00000000d696dbd0}> (0x00000000d696dbd0) 
thrown [s\src\hotspot\share\prims\jni.cpp, line 520]
Event: 7.186 Thread 0x000001d079310010 Exception <a 'java/lang/NoSuchMethodError'{0x00000000d55ca848}: 'java.lang.Object java.lang.invoke.DirectMethodHandle$Holder.invokeStatic(java.lang.Object, java.lang.Object, int, java.lang.Object)'> (0x00000000d55ca848) 
thrown [s\src\hotspot\share\interpreter\linkResolver.cpp, line 773]
Event: 7.187 Thread 0x000001d079310010 Exception <a 'java/lang/NoSuchMethodError'{0x00000000d55d0da8}: 'java.lang.Object java.lang.invoke.DirectMethodHandle$Holder.newInvokeSpecial(java.lang.Object, java.lang.Object, int)'> (0x00000000d55d0da8) 
thrown [s\src\hotspot\share\interpreter\linkResolver.cpp, line 773]
Event: 7.251 Thread 0x000001d079310010 Exception <a 'java/io/FileNotFoundException'{0x00000000d585f630}> (0x00000000d585f630) 
thrown [s\src\hotspot\share\prims\jni.cpp, line 520]
Event: 7.252 Thread 0x000001d079310010 Exception <a 'java/io/FileNotFoundException'{0x00000000d5860780}> (0x00000000d5860780) 
thrown [s\src\hotspot\share\prims\jni.cpp, line 520]

ZGC Phase Switch (0 events):
No events

VM Operations (20 events):
Event: 661.701 Executing VM operation: HandshakeAllThreads (HandshakeForDeflation)
Event: 661.701 Executing VM operation: HandshakeAllThreads (HandshakeForDeflation) done
Event: 661.701 Executing VM operation: RendezvousGCThreads
Event: 661.701 Executing VM operation: RendezvousGCThreads done
Event: 721.886 Executing VM operation: HandshakeAllThreads (HandshakeForDeflation)
Event: 721.886 Executing VM operation: HandshakeAllThreads (HandshakeForDeflation) done
Event: 721.886 Executing VM operation: RendezvousGCThreads
Event: 721.886 Executing VM operation: RendezvousGCThreads done
Event: 782.035 Executing VM operation: HandshakeAllThreads (HandshakeForDeflation)
Event: 782.035 Executing VM operation: HandshakeAllThreads (HandshakeForDeflation) done
Event: 782.035 Executing VM operation: RendezvousGCThreads
Event: 782.035 Executing VM operation: RendezvousGCThreads done
Event: 842.206 Executing VM operation: HandshakeAllThreads (HandshakeForDeflation)
Event: 842.206 Executing VM operation: HandshakeAllThreads (HandshakeForDeflation) done
Event: 842.206 Executing VM operation: RendezvousGCThreads
Event: 842.206 Executing VM operation: RendezvousGCThreads done
Event: 955.147 Executing VM operation: Cleanup
Event: 955.147 Executing VM operation: Cleanup done
Event: 975.324 Executing VM operation: Cleanup
Event: 975.324 Executing VM operation: Cleanup done

Memory protections (0 events):
No events

Nmethod flushes (20 events):
Event: 4.421 Thread 0x000001d071d846e0 flushing  nmethod 0x000001d01c5b4a10
Event: 4.421 Thread 0x000001d071d846e0 flushing  nmethod 0x000001d01c5baf10
Event: 4.421 Thread 0x000001d071d846e0 flushing  nmethod 0x000001d01c5bfd90
Event: 4.421 Thread 0x000001d071d846e0 flushing  nmethod 0x000001d01c5eec10
Event: 4.421 Thread 0x000001d071d846e0 flushing  nmethod 0x000001d01c5ef510
Event: 4.421 Thread 0x000001d071d846e0 flushing  nmethod 0x000001d01c5efe10
Event: 4.421 Thread 0x000001d071d846e0 flushing  nmethod 0x000001d01c5f1010
Event: 4.421 Thread 0x000001d071d846e0 flushing  nmethod 0x000001d01c5f1d90
Event: 4.421 Thread 0x000001d071d846e0 flushing  nmethod 0x000001d01c5f2e90
Event: 4.421 Thread 0x000001d071d846e0 flushing  nmethod 0x000001d01c5f5410
Event: 4.421 Thread 0x000001d071d846e0 flushing  nmethod 0x000001d01c5f6190
Event: 4.421 Thread 0x000001d071d846e0 flushing  nmethod 0x000001d01c5f7c10
Event: 4.421 Thread 0x000001d071d846e0 flushing  nmethod 0x000001d01c5f9d90
Event: 4.421 Thread 0x000001d071d846e0 flushing  nmethod 0x000001d01c63e390
Event: 4.421 Thread 0x000001d071d846e0 flushing  nmethod 0x000001d01c65d890
Event: 4.421 Thread 0x000001d071d846e0 flushing  nmethod 0x000001d01c668c90
Event: 4.421 Thread 0x000001d071d846e0 flushing  nmethod 0x000001d01c66f110
Event: 4.421 Thread 0x000001d071d846e0 flushing  nmethod 0x000001d01c6fc210
Event: 4.421 Thread 0x000001d071d846e0 flushing  nmethod 0x000001d01c752890
Event: 4.421 Thread 0x000001d071d846e0 flushing  nmethod 0x000001d01c752d10

Events (20 events):
Event: 13.363 Thread 0x000001d079793da0 Thread exited: 0x000001d079793da0
Event: 13.363 Thread 0x000001d078c1be70 Thread exited: 0x000001d078c1be70
Event: 13.363 Thread 0x000001d071ecaa40 Thread exited: 0x000001d071ecaa40
Event: 13.363 Thread 0x000001d071eca3a0 Thread exited: 0x000001d071eca3a0
Event: 18.374 Thread 0x000001d078094dc0 Thread exited: 0x000001d078094dc0
Event: 31.143 Thread 0x000001d071d9dc70 Thread added: 0x000001d07d268220
Event: 31.144 Thread 0x000001d071d9dc70 Thread added: 0x000001d07d2666e0
Event: 31.148 Thread 0x000001d071dcbbb0 Thread added: 0x000001d07d266db0
Event: 31.148 Thread 0x000001d071d9dc70 Thread added: 0x000001d07d2688f0
Event: 31.169 Thread 0x000001d071dcbbb0 Thread added: 0x000001d07d269690
Event: 34.129 Thread 0x000001d07d2666e0 Thread exited: 0x000001d07d2666e0
Event: 34.129 Thread 0x000001d07d269690 Thread exited: 0x000001d07d269690
Event: 39.140 Thread 0x000001d07d268220 Thread exited: 0x000001d07d268220
Event: 39.140 Thread 0x000001d07d266db0 Thread exited: 0x000001d07d266db0
Event: 39.140 Thread 0x000001d07d2688f0 Thread exited: 0x000001d07d2688f0
Event: 67.076 Thread 0x000001d07b369710 Thread exited: 0x000001d07b369710
Event: 67.229 Thread 0x000001d07930f980 Thread exited: 0x000001d07930f980
Event: 67.229 Thread 0x000001d07930ec60 Thread exited: 0x000001d07930ec60
Event: 127.088 Thread 0x000001d07b367640 Thread exited: 0x000001d07b367640
Event: 187.096 Thread 0x000001d07b366290 Thread exited: 0x000001d07b366290


Dynamic libraries:
0x00007ff7e6700000 - 0x00007ff7e670e000 	c:\Users\bapti\.vscode\extensions\redhat.java-1.46.0-win32-x64\jre\21.0.8-win32-x86_64\bin\java.exe
0x00007fffdd280000 - 0x00007fffdd4e9000 	C:\Windows\SYSTEM32\ntdll.dll
0x00007fffdca70000 - 0x00007fffdcb39000 	C:\Windows\System32\KERNEL32.DLL
0x00007fffda4a0000 - 0x00007fffda893000 	C:\Windows\System32\KERNELBASE.dll
0x00007fffda950000 - 0x00007fffdaa9b000 	C:\Windows\System32\ucrtbase.dll
0x00007fff50e70000 - 0x00007fff50e88000 	c:\Users\bapti\.vscode\extensions\redhat.java-1.46.0-win32-x64\jre\21.0.8-win32-x86_64\bin\jli.dll
0x00007fff203d0000 - 0x00007fff203ee000 	c:\Users\bapti\.vscode\extensions\redhat.java-1.46.0-win32-x64\jre\21.0.8-win32-x86_64\bin\VCRUNTIME140.dll
0x00007fffdc7e0000 - 0x00007fffdc9a4000 	C:\Windows\System32\USER32.dll
0x00007fffdab60000 - 0x00007fffdab87000 	C:\Windows\System32\win32u.dll
0x00007fffdc540000 - 0x00007fffdc56b000 	C:\Windows\System32\GDI32.dll
0x00007fffdac30000 - 0x00007fffdad5d000 	C:\Windows\System32\gdi32full.dll
0x00007fffbc4f0000 - 0x00007fffbc783000 	C:\Windows\WinSxS\amd64_microsoft.windows.common-controls_6595b64144ccf1df_6.0.26100.5074_none_3e0d6f78e32fd63f\COMCTL32.dll
0x00007fffda8a0000 - 0x00007fffda943000 	C:\Windows\System32\msvcp_win.dll
0x00007fffdc410000 - 0x00007fffdc4b9000 	C:\Windows\System32\msvcrt.dll
0x00007fffdcf10000 - 0x00007fffdcf3f000 	C:\Windows\System32\IMM32.DLL
0x00007fffc8930000 - 0x00007fffc893c000 	c:\Users\bapti\.vscode\extensions\redhat.java-1.46.0-win32-x64\jre\21.0.8-win32-x86_64\bin\vcruntime140_1.dll
0x00007ffec9e30000 - 0x00007ffec9ebd000 	c:\Users\bapti\.vscode\extensions\redhat.java-1.46.0-win32-x64\jre\21.0.8-win32-x86_64\bin\msvcp140.dll
0x00007ffec2890000 - 0x00007ffec3627000 	c:\Users\bapti\.vscode\extensions\redhat.java-1.46.0-win32-x64\jre\21.0.8-win32-x86_64\bin\server\jvm.dll
0x00007fffdc9b0000 - 0x00007fffdca64000 	C:\Windows\System32\ADVAPI32.dll
0x00007fffdd030000 - 0x00007fffdd0d6000 	C:\Windows\System32\sechost.dll
0x00007fffdb210000 - 0x00007fffdb328000 	C:\Windows\System32\RPCRT4.dll
0x00007fffdd0e0000 - 0x00007fffdd154000 	C:\Windows\System32\WS2_32.dll
0x00007fffd1880000 - 0x00007fffd188b000 	C:\Windows\SYSTEM32\VERSION.dll
0x00007fffd9020000 - 0x00007fffd907e000 	C:\Windows\SYSTEM32\POWRPROF.dll
0x00007fffd3720000 - 0x00007fffd3755000 	C:\Windows\SYSTEM32\WINMM.dll
0x00007fffd9000000 - 0x00007fffd9014000 	C:\Windows\SYSTEM32\UMPDC.dll
0x00007fffd92e0000 - 0x00007fffd92fb000 	C:\Windows\SYSTEM32\kernel.appcore.dll
0x00007fffaf630000 - 0x00007fffaf63a000 	c:\Users\bapti\.vscode\extensions\redhat.java-1.46.0-win32-x64\jre\21.0.8-win32-x86_64\bin\jimage.dll
0x00007fffd7560000 - 0x00007fffd77a2000 	C:\Windows\SYSTEM32\DBGHELP.DLL
0x00007fffdb930000 - 0x00007fffdbcab000 	C:\Windows\System32\combase.dll
0x00007fffdcf50000 - 0x00007fffdd027000 	C:\Windows\System32\OLEAUT32.dll
0x00007fffa3ac0000 - 0x00007fffa3afd000 	C:\Windows\SYSTEM32\dbgcore.DLL
0x00007fffdab90000 - 0x00007fffdac29000 	C:\Windows\System32\bcryptPrimitives.dll
0x00007fffadc60000 - 0x00007fffadc6f000 	c:\Users\bapti\.vscode\extensions\redhat.java-1.46.0-win32-x64\jre\21.0.8-win32-x86_64\bin\instrument.dll
0x00007fff154f0000 - 0x00007fff1550f000 	c:\Users\bapti\.vscode\extensions\redhat.java-1.46.0-win32-x64\jre\21.0.8-win32-x86_64\bin\java.dll
0x00007fffdbcb0000 - 0x00007fffdc3fd000 	C:\Windows\System32\SHELL32.dll
0x00007fffdad60000 - 0x00007fffdaecc000 	C:\Windows\System32\wintypes.dll
0x00007fffd8050000 - 0x00007fffd88a9000 	C:\Windows\SYSTEM32\windows.storage.dll
0x00007fffdcb40000 - 0x00007fffdcc30000 	C:\Windows\System32\SHCORE.dll
0x00007fffdcea0000 - 0x00007fffdcf02000 	C:\Windows\System32\shlwapi.dll
0x00007fffda330000 - 0x00007fffda359000 	C:\Windows\SYSTEM32\profapi.dll
0x00007fff13830000 - 0x00007fff13848000 	c:\Users\bapti\.vscode\extensions\redhat.java-1.46.0-win32-x64\jre\21.0.8-win32-x86_64\bin\zip.dll
0x00007fffadaa0000 - 0x00007fffadab0000 	C:\Users\bapti\.vscode\extensions\redhat.java-1.46.0-win32-x64\jre\21.0.8-win32-x86_64\bin\net.dll
0x00007fffd42e0000 - 0x00007fffd43ff000 	C:\Windows\SYSTEM32\WINHTTP.dll
0x00007fffd9840000 - 0x00007fffd98ab000 	C:\Windows\system32\mswsock.dll
0x00007fff13480000 - 0x00007fff13496000 	C:\Users\bapti\.vscode\extensions\redhat.java-1.46.0-win32-x64\jre\21.0.8-win32-x86_64\bin\nio.dll
0x00007fffad840000 - 0x00007fffad850000 	c:\Users\bapti\.vscode\extensions\redhat.java-1.46.0-win32-x64\jre\21.0.8-win32-x86_64\bin\verify.dll
0x00007ffec2700000 - 0x00007ffec2744000 	C:\Users\bapti\AppData\Roaming\Code\User\globalStorage\redhat.java\1.46.0\config_win\org.eclipse.equinox.launcher\org.eclipse.equinox.launcher.win32.win32.x86_64_1.2.1400.v20250801-0854\eclipse_11916.dll
0x00007fffdcd00000 - 0x00007fffdce98000 	C:\Windows\System32\ole32.dll
0x00007fffd9ab0000 - 0x00007fffd9acb000 	C:\Windows\SYSTEM32\CRYPTSP.dll
0x00007fffd9240000 - 0x00007fffd927b000 	C:\Windows\system32\rsaenh.dll
0x00007fffd98e0000 - 0x00007fffd990b000 	C:\Windows\SYSTEM32\USERENV.dll
0x00007fffda300000 - 0x00007fffda326000 	C:\Windows\SYSTEM32\bcrypt.dll
0x00007fffd9ad0000 - 0x00007fffd9adc000 	C:\Windows\SYSTEM32\CRYPTBASE.dll
0x00007fffd8cf0000 - 0x00007fffd8d24000 	C:\Windows\SYSTEM32\IPHLPAPI.DLL
0x00007fffdcc70000 - 0x00007fffdcc7a000 	C:\Windows\System32\NSI.dll
0x00007ffec26b0000 - 0x00007ffec26f9000 	C:\Users\bapti\AppData\Local\Temp\jna-93506118\jna1976517486528591195.dll
0x00007fffdc400000 - 0x00007fffdc408000 	C:\Windows\System32\PSAPI.DLL
0x00007fffd4470000 - 0x00007fffd448e000 	C:\Windows\SYSTEM32\dhcpcsvc6.DLL
0x00007fffd4440000 - 0x00007fffd4463000 	C:\Windows\SYSTEM32\dhcpcsvc.DLL

JVMTI agents:
c:\Users\bapti\.vscode\extensions\redhat.java-1.46.0-win32-x64\lombok\lombok-1.18.39-4050.jar path:c:\Users\bapti\.vscode\extensions\redhat.java-1.46.0-win32-x64\jre\21.0.8-win32-x86_64\bin\instrument.dll, loaded, initialized, instrumentlib options:none

dbghelp: loaded successfully - version: 4.0.5 - missing functions: none
symbol engine: initialized successfully - sym options: 0x614 - pdb path: .;c:\Users\bapti\.vscode\extensions\redhat.java-1.46.0-win32-x64\jre\21.0.8-win32-x86_64\bin;C:\Windows\SYSTEM32;C:\Windows\WinSxS\amd64_microsoft.windows.common-controls_6595b64144ccf1df_6.0.26100.5074_none_3e0d6f78e32fd63f;c:\Users\bapti\.vscode\extensions\redhat.java-1.46.0-win32-x64\jre\21.0.8-win32-x86_64\bin\server;C:\Users\bapti\AppData\Roaming\Code\User\globalStorage\redhat.java\1.46.0\config_win\org.eclipse.equinox.launcher\org.eclipse.equinox.launcher.win32.win32.x86_64_1.2.1400.v20250801-0854;C:\Users\bapti\AppData\Local\Temp\jna-93506118

VM Arguments:
jvm_args: --add-modules=ALL-SYSTEM --add-opens=java.base/java.util=ALL-UNNAMED --add-opens=java.base/java.lang=ALL-UNNAMED --add-opens=java.base/sun.nio.fs=ALL-UNNAMED -Declipse.application=org.eclipse.jdt.ls.core.id1 -Dosgi.bundles.defaultStartLevel=4 -Declipse.product=org.eclipse.jdt.ls.core.product -Djava.import.generatesMetadataFilesAtProjectRoot=false -DDetectVMInstallationsJob.disabled=true -Dfile.encoding=utf8 -XX:+UseParallelGC -XX:GCTimeRatio=4 -XX:AdaptiveSizePolicyWeight=90 -Dsun.zip.disableMemoryMapping=true -Xmx2G -Xms100m -Xlog:disable -javaagent:c:\Users\bapti\.vscode\extensions\redhat.java-1.46.0-win32-x64\lombok\lombok-1.18.39-4050.jar -XX:+HeapDumpOnOutOfMemoryError -XX:HeapDumpPath=c:\Users\bapti\AppData\Roaming\Code\User\workspaceStorage\05f2b994b7c6f8543fc850aa43a32474\redhat.java -Daether.dependencyCollector.impl=bf 
java_command: c:\Users\bapti\.vscode\extensions\redhat.java-1.46.0-win32-x64\server\plugins\org.eclipse.equinox.launcher_1.7.0.v20250519-0528.jar -configuration c:\Users\bapti\AppData\Roaming\Code\User\globalStorage\redhat.java\1.46.0\config_win -data c:\Users\bapti\AppData\Roaming\Code\User\workspaceStorage\05f2b994b7c6f8543fc850aa43a32474\redhat.java\jdt_ws --pipe=\\.\pipe\lsp-8890c9cfda89fb950d2567750740a285-sock
java_class_path (initial): c:\Users\bapti\.vscode\extensions\redhat.java-1.46.0-win32-x64\server\plugins\org.eclipse.equinox.launcher_1.7.0.v20250519-0528.jar
Launcher Type: SUN_STANDARD

[Global flags]
    uintx AdaptiveSizePolicyWeight                 = 90                                        {product} {command line}
     intx CICompilerCount                          = 12                                        {product} {ergonomic}
    uintx GCTimeRatio                              = 4                                         {product} {command line}
     bool HeapDumpOnOutOfMemoryError               = true                                   {manageable} {command line}
    ccstr HeapDumpPath                             = c:\Users\bapti\AppData\Roaming\Code\User\workspaceStorage\05f2b994b7c6f8543fc850aa43a32474\redhat.java         {manageable} {command line}
   size_t InitialHeapSize                          = 104857600                                 {product} {command line}
   size_t MaxHeapSize                              = 2147483648                                {product} {command line}
   size_t MaxNewSize                               = 715653120                                 {product} {ergonomic}
   size_t MinHeapDeltaBytes                        = 524288                                    {product} {ergonomic}
   size_t MinHeapSize                              = 104857600                                 {product} {command line}
   size_t NewSize                                  = 34603008                                  {product} {ergonomic}
    uintx NonNMethodCodeHeapSize                   = 7602480                                {pd product} {ergonomic}
    uintx NonProfiledCodeHeapSize                  = 122027880                              {pd product} {ergonomic}
   size_t OldSize                                  = 70254592                                  {product} {ergonomic}
    uintx ProfiledCodeHeapSize                     = 122027880                              {pd product} {ergonomic}
    uintx ReservedCodeCacheSize                    = 251658240                              {pd product} {ergonomic}
     bool SegmentedCodeCache                       = true                                      {product} {ergonomic}
   size_t SoftMaxHeapSize                          = 2147483648                             {manageable} {ergonomic}
     bool UseCompressedOops                        = true                           {product lp64_product} {ergonomic}
     bool UseLargePagesIndividualAllocation        = false                                  {pd product} {ergonomic}
     bool UseParallelGC                            = true                                      {product} {command line}

Logging:
Log output configuration:
 #0: stdout all=off uptime,level,tags foldmultilines=false
 #1: stderr all=off uptime,level,tags foldmultilines=false

Environment Variables:
PATH=C:\Program Files\Common Files\Oracle\Java\javapath;C:\Windows\system32;C:\Windows;C:\Windows\System32\Wbem;C:\Windows\System32\WindowsPowerShell\v1.0\;C:\Windows\System32\OpenSSH\;C:\Program Files (x86)\NVIDIA Corporation\PhysX\Common;C:\Program Files\NVIDIA Corporation\NVIDIA App\NvDLISR;C:\Program Files\NASM;C:\Program Files\RedHat\Podman\;C:\Program Files\Git\cmd;C:\Users\bapti\OneDrive\Bureau\Bureau\App Setup\Pandoc\pandoc-3.8;C:\Users\bapti\OneDrive\Bureau\Bureau\App Setup\Maven\Daemon\bin;C:\Program Files\Maven\apache-maven-3.9.11\bin;C:\Users\bapti\AppData\Local\Microsoft\WindowsApps;C:\Users\bapti\AppData\Local\Programs\Microsoft VS Code\bin
USERNAME=bapti
OS=Windows_NT
PROCESSOR_IDENTIFIER=Intel64 Family 6 Model 186 Stepping 2, GenuineIntel
TMP=C:\Users\bapti\AppData\Local\Temp
TEMP=C:\Users\bapti\AppData\Local\Temp




Periodic native trim disabled

---------------  S Y S T E M  ---------------

OS:
 Windows 11 , 64 bit Build 26100 (10.0.26100.5074)
OS uptime: 0 days 22:24 hours
Hyper-V role detected

CPU: total 20 (initial active 20) (10 cores per cpu, 2 threads per core) family 6 model 186 stepping 2 microcode 0x5105, cx8, cmov, fxsr, ht, mmx, 3dnowpref, sse, sse2, sse3, ssse3, sse4.1, sse4.2, popcnt, lzcnt, tsc, tscinvbit, avx, avx2, aes, erms, clmul, bmi1, bmi2, adx, sha, fma, vzeroupper, clflush, clflushopt, clwb, hv, serialize, rdtscp, rdpid, fsrm, f16c, cet_ibt, cet_ss
Processor Information for the first 20 processors :
  Max Mhz: 2600, Current Mhz: 2600, Mhz Limit: 2600

Memory: 4k page, system-wide physical 32455M (848M free)
TotalPageFile size 130759M (AvailPageFile size 43M)
current process WorkingSet (physical memory assigned to process): 220M, peak: 278M
current process commit charge ("private bytes"): 338M, peak: 424M

vm_info: OpenJDK 64-Bit Server VM (21.0.8+9-LTS) for windows-amd64 JRE (21.0.8+9-LTS), built on 2025-07-15T00:00:00Z by "admin" with MS VC++ 17.7 (VS2022)

END.
